==1282== Memcheck, a memory error detector
==1282== Copyright (C) 2002-2017, and GNU GPL'd, by Julian Seward et al.
==1282== Using Valgrind-3.18.1-42b08ed5bd-20211015 and LibVEX; rerun with -h for copyright info
==1282== Command: ./s21_tests
==1282== Parent PID: 1281
==1282== 
--1282-- 
--1282-- Valgrind options:
--1282--    --vgdb=no
--1282--    --leak-check=full
--1282--    --show-leak-kinds=all
--1282--    --track-origins=yes
--1282--    --verbose
--1282--    --log-file=valgrind.log
--1282--    -v
--1282--    --verbose
--1282--    -q
--1282--    --quiet
--1282--    -s
--1282-- Contents of /proc/version:
--1282--   Linux version 5.15.146.1-microsoft-standard-WSL2 (root@65c757a075e2) (gcc (GCC) 11.2.0, GNU ld (GNU Binutils) 2.37) #1 SMP Thu Jan 11 04:09:03 UTC 2024
--1282-- 
--1282-- Arch and hwcaps: AMD64, LittleEndian, amd64-cx16-lzcnt-rdtscp-sse3-ssse3-avx-avx2-bmi-f16c-rdrand-rdseed
--1282-- Page sizes: currently 4096, max supported 4096
--1282-- Valgrind library directory: /usr/libexec/valgrind
--1282-- Reading syms from /home/sunrise/projects/ver2/C6_s21_matrix-2/src/s21_tests
--1282-- Reading syms from /usr/lib/x86_64-linux-gnu/ld-linux-x86-64.so.2
--1282--   Considering /usr/lib/debug/.build-id/15/921ea631d9f36502d20459c43e5c85b7d6ab76.debug ..
--1282--   .. build-id is valid
--1282-- Reading syms from /usr/libexec/valgrind/memcheck-amd64-linux
--1282--    object doesn't have a symbol table
--1282--    object doesn't have a dynamic symbol table
--1282-- Scheduler: using generic scheduler lock implementation.
--1282-- Reading suppressions file: /usr/libexec/valgrind/default.supp
--1282-- REDIR: 0x402aa40 (ld-linux-x86-64.so.2:strlen) redirected to 0x580bcec2 (???)
--1282-- REDIR: 0x402a810 (ld-linux-x86-64.so.2:index) redirected to 0x580bcedc (???)
--1282-- Reading syms from /usr/libexec/valgrind/vgpreload_core-amd64-linux.so
--1282--    object doesn't have a symbol table
--1282-- Reading syms from /usr/libexec/valgrind/vgpreload_memcheck-amd64-linux.so
--1282--    object doesn't have a symbol table
==1282== WARNING: new redirection conflicts with existing -- ignoring it
--1282--     old: 0x0402aa40 (strlen              ) R-> (0000.0) 0x580bcec2 ???
--1282--     new: 0x0402aa40 (strlen              ) R-> (2007.0) 0x0484ee30 strlen
--1282-- REDIR: 0x4027220 (ld-linux-x86-64.so.2:strcmp) redirected to 0x484fcd0 (strcmp)
--1282-- REDIR: 0x402afa0 (ld-linux-x86-64.so.2:mempcpy) redirected to 0x4853840 (mempcpy)
--1282-- Reading syms from /usr/lib/x86_64-linux-gnu/libm.so.6
--1282--   Considering /usr/lib/debug/.build-id/a8/8ef0199bd5e742ebd0c359edf5cb2be0ec08b5.debug ..
--1282--   .. build-id is valid
--1282-- Reading syms from /usr/lib/x86_64-linux-gnu/libsubunit.so.0.0.0
--1282--    object doesn't have a symbol table
--1282-- Reading syms from /usr/lib/x86_64-linux-gnu/libc.so.6
--1282--   Considering /usr/lib/debug/.build-id/c2/89da5071a3399de893d2af81d6a30c62646e1e.debug ..
--1282--   .. build-id is valid
==1282== WARNING: new redirection conflicts with existing -- ignoring it
--1282--     old: 0x049f1c60 (memalign            ) R-> (1011.0) 0x0484e080 memalign
--1282--     new: 0x049f1c60 (memalign            ) R-> (1017.0) 0x0484e050 aligned_alloc
==1282== WARNING: new redirection conflicts with existing -- ignoring it
--1282--     old: 0x049f1c60 (memalign            ) R-> (1011.0) 0x0484e080 memalign
--1282--     new: 0x049f1c60 (memalign            ) R-> (1017.0) 0x0484e020 aligned_alloc
==1282== WARNING: new redirection conflicts with existing -- ignoring it
--1282--     old: 0x049f1c60 (memalign            ) R-> (1011.0) 0x0484e080 memalign
--1282--     new: 0x049f1c60 (memalign            ) R-> (1017.0) 0x0484e050 aligned_alloc
==1282== WARNING: new redirection conflicts with existing -- ignoring it
--1282--     old: 0x049f1c60 (memalign            ) R-> (1011.0) 0x0484e080 memalign
--1282--     new: 0x049f1c60 (memalign            ) R-> (1017.0) 0x0484e020 aligned_alloc
--1282-- REDIR: 0x49f4720 (libc.so.6:strnlen) redirected to 0x483f220 (_vgnU_ifunc_wrapper)
--1282-- REDIR: 0x49f49e0 (libc.so.6:strpbrk) redirected to 0x483f220 (_vgnU_ifunc_wrapper)
--1282-- REDIR: 0x49f42e0 (libc.so.6:strcmp) redirected to 0x483f220 (_vgnU_ifunc_wrapper)
--1282-- REDIR: 0x4a12cd0 (libc.so.6:wcsnlen) redirected to 0x483f220 (_vgnU_ifunc_wrapper)
--1282-- REDIR: 0x49f56d0 (libc.so.6:memset) redirected to 0x483f220 (_vgnU_ifunc_wrapper)
--1282-- REDIR: 0x4a11540 (libc.so.6:wcslen) redirected to 0x483f220 (_vgnU_ifunc_wrapper)
--1282-- REDIR: 0x49f5c10 (libc.so.6:memcpy@@GLIBC_2.14) redirected to 0x483f220 (_vgnU_ifunc_wrapper)
--1282-- REDIR: 0x4a11370 (libc.so.6:wcschr) redirected to 0x483f220 (_vgnU_ifunc_wrapper)
--1282-- REDIR: 0x49f4260 (libc.so.6:index) redirected to 0x483f220 (_vgnU_ifunc_wrapper)
--1282-- REDIR: 0x49f4960 (libc.so.6:rindex) redirected to 0x483f220 (_vgnU_ifunc_wrapper)
--1282-- REDIR: 0x49f55a0 (libc.so.6:memmove) redirected to 0x483f220 (_vgnU_ifunc_wrapper)
==1282== Preferring higher priority redirection:
--1282--     old: 0x04aec7c0 (__memcpy_avx_unalign) R-> (2018.0) 0x04850f90 __memcpy_avx_unaligned_erms
--1282--     new: 0x04aec7c0 (__memcpy_avx_unalign) R-> (2018.1) 0x04852880 memmove
--1282-- REDIR: 0x4a113f0 (libc.so.6:wcscmp) redirected to 0x483f220 (_vgnU_ifunc_wrapper)
--1282-- REDIR: 0x49f59e0 (libc.so.6:stpncpy) redirected to 0x483f220 (_vgnU_ifunc_wrapper)
--1282-- REDIR: 0x4a119b0 (libc.so.6:wmemchr) redirected to 0x483f220 (_vgnU_ifunc_wrapper)
--1282-- REDIR: 0x49f4830 (libc.so.6:strncmp) redirected to 0x483f220 (_vgnU_ifunc_wrapper)
--1282-- REDIR: 0x49f5a70 (libc.so.6:strcasecmp) redirected to 0x483f220 (_vgnU_ifunc_wrapper)
--1282-- REDIR: 0x49f4420 (libc.so.6:strcspn) redirected to 0x483f220 (_vgnU_ifunc_wrapper)
--1282-- REDIR: 0x4a11470 (libc.so.6:wcscpy) redirected to 0x483f220 (_vgnU_ifunc_wrapper)
--1282-- REDIR: 0x49f41d0 (libc.so.6:strcat) redirected to 0x483f220 (_vgnU_ifunc_wrapper)
--1282-- REDIR: 0x49f5b60 (libc.so.6:strncasecmp_l) redirected to 0x483f220 (_vgnU_ifunc_wrapper)
--1282-- REDIR: 0x49f5480 (libc.so.6:bcmp) redirected to 0x483f220 (_vgnU_ifunc_wrapper)
--1282-- REDIR: 0x49fd570 (libc.so.6:memrchr) redirected to 0x483f220 (_vgnU_ifunc_wrapper)
--1282-- REDIR: 0x49f7010 (libc.so.6:strchrnul) redirected to 0x483f220 (_vgnU_ifunc_wrapper)
--1282-- REDIR: 0x49f4390 (libc.so.6:strcpy) redirected to 0x483f220 (_vgnU_ifunc_wrapper)
--1282-- REDIR: 0x49f5b10 (libc.so.6:strcasecmp_l) redirected to 0x483f220 (_vgnU_ifunc_wrapper)
--1282-- REDIR: 0x49f46a0 (libc.so.6:strlen) redirected to 0x483f220 (_vgnU_ifunc_wrapper)
--1282-- REDIR: 0x49f48d0 (libc.so.6:strncpy) redirected to 0x483f220 (_vgnU_ifunc_wrapper)
--1282-- REDIR: 0x49f5950 (libc.so.6:stpcpy) redirected to 0x483f220 (_vgnU_ifunc_wrapper)
--1282-- REDIR: 0x49f53f0 (libc.so.6:memchr) redirected to 0x483f220 (_vgnU_ifunc_wrapper)
--1282-- REDIR: 0x49f4b00 (libc.so.6:strspn) redirected to 0x483f220 (_vgnU_ifunc_wrapper)
--1282-- REDIR: 0x49f57d0 (libc.so.6:mempcpy) redirected to 0x483f220 (_vgnU_ifunc_wrapper)
--1282-- REDIR: 0x49f5ac0 (libc.so.6:strncasecmp) redirected to 0x483f220 (_vgnU_ifunc_wrapper)
--1282-- REDIR: 0x49f6f80 (libc.so.6:rawmemchr) redirected to 0x483f220 (_vgnU_ifunc_wrapper)
--1282-- REDIR: 0x4ae9610 (libc.so.6:__strrchr_avx2) redirected to 0x484e810 (rindex)
--1282-- REDIR: 0x49f10a0 (libc.so.6:malloc) redirected to 0x4848820 (malloc)
--1282-- REDIR: 0x4ae97e0 (libc.so.6:__strlen_avx2) redirected to 0x484ed10 (strlen)
--1282-- REDIR: 0x4ae4d80 (libc.so.6:__strncmp_avx2) redirected to 0x484f3e0 (strncmp)
--1282-- REDIR: 0x49f1740 (libc.so.6:realloc) redirected to 0x484dc50 (realloc)
--1282-- REDIR: 0x4ae9400 (libc.so.6:__strchrnul_avx2) redirected to 0x4853330 (strchrnul)
--1282-- REDIR: 0x4ae4800 (libc.so.6:__strspn_sse42) redirected to 0x4853d50 (strspn)
--1282-- REDIR: 0x49f13e0 (libc.so.6:free) redirected to 0x484b210 (free)
--1282-- REDIR: 0x4aec780 (libc.so.6:__mempcpy_avx_unaligned_erms) redirected to 0x4853440 (mempcpy)
--1282-- REDIR: 0x4aec7c0 (libc.so.6:__memcpy_avx_unaligned_erms) redirected to 0x4852880 (memmove)
--1282-- REDIR: 0x49f2520 (libc.so.6:calloc) redirected to 0x484d9d0 (calloc)
--1282-- REDIR: 0x4ae9c30 (libc.so.6:__strcat_avx2) redirected to 0x484ea20 (strcat)
==1282== 
==1282== HEAP SUMMARY:
==1282==     in use at exit: 0 bytes in 0 blocks
==1282==   total heap usage: 2,053 allocs, 2,053 frees, 692,928 bytes allocated
==1282== 
==1282== All heap blocks were freed -- no leaks are possible
==1282== 
==1282== ERROR SUMMARY: 0 errors from 0 contexts (suppressed: 0 from 0)
